<?xml version="1.0" encoding="UTF-8"?>
<!-- Generated by org.testng.reporters.JUnitXMLReporter -->
<testsuite hostname="DESKTOP-LTL258K" ignored="0" name="Regression Test Suite" tests="3" failures="0" timestamp="04 Aug 2019 05:04:25 GMT" time="1.345" errors="0">
  <testcase name="CreateAccountTestCase" time="1.222" classname="com.zohocrm.testcases.CreateAccountTC"/>
  <testcase name="VerifyZohoDeskPageTC" time="0.045" classname="com.zohocrm.testcases.VerifyZohoDeskPageTC"/>
  <testcase name="ZohoCRMLoginWithValidCredentials" time="0.053" classname="com.zohocrm.testcases.ZohoCrmLoginTC"/>
</testsuite> <!-- Regression Test Suite -->
